nohup: ignoring input
/data/shiqing/venv_py37/lib/python3.7/site-packages/nltk/translate/bleu_score.py:552: UserWarning: 
The hypothesis contains 0 counts of 2-gram overlaps.
Therefore the BLEU score evaluates to 0, independently of
how many N-gram overlaps of lower order it contains.
Consider using lower n-gram order or use SmoothingFunction()
  warnings.warn(_msg)
/data/shiqing/venv_py37/lib/python3.7/site-packages/nltk/translate/bleu_score.py:552: UserWarning: 
The hypothesis contains 0 counts of 3-gram overlaps.
Therefore the BLEU score evaluates to 0, independently of
how many N-gram overlaps of lower order it contains.
Consider using lower n-gram order or use SmoothingFunction()
  warnings.warn(_msg)
/data/shiqing/venv_py37/lib/python3.7/site-packages/nltk/translate/bleu_score.py:552: UserWarning: 
The hypothesis contains 0 counts of 4-gram overlaps.
Therefore the BLEU score evaluates to 0, independently of
how many N-gram overlaps of lower order it contains.
Consider using lower n-gram order or use SmoothingFunction()
  warnings.warn(_msg)
/data/shiqing/venv_py37/lib/python3.7/site-packages/nltk/translate/bleu_score.py:552: UserWarning: 
The hypothesis contains 0 counts of 2-gram overlaps.
Therefore the BLEU score evaluates to 0, independently of
how many N-gram overlaps of lower order it contains.
Consider using lower n-gram order or use SmoothingFunction()
  warnings.warn(_msg)
/data/shiqing/venv_py37/lib/python3.7/site-packages/nltk/translate/bleu_score.py:552: UserWarning: 
The hypothesis contains 0 counts of 3-gram overlaps.
Therefore the BLEU score evaluates to 0, independently of
how many N-gram overlaps of lower order it contains.
Consider using lower n-gram order or use SmoothingFunction()
  warnings.warn(_msg)
/data/shiqing/venv_py37/lib/python3.7/site-packages/nltk/translate/bleu_score.py:552: UserWarning: 
The hypothesis contains 0 counts of 4-gram overlaps.
Therefore the BLEU score evaluates to 0, independently of
how many N-gram overlaps of lower order it contains.
Consider using lower n-gram order or use SmoothingFunction()
  warnings.warn(_msg)
/data/shiqing/venv_py37/lib/python3.7/site-packages/nltk/translate/bleu_score.py:552: UserWarning: 
The hypothesis contains 0 counts of 2-gram overlaps.
Therefore the BLEU score evaluates to 0, independently of
how many N-gram overlaps of lower order it contains.
Consider using lower n-gram order or use SmoothingFunction()
  warnings.warn(_msg)
/data/shiqing/venv_py37/lib/python3.7/site-packages/nltk/translate/bleu_score.py:552: UserWarning: 
The hypothesis contains 0 counts of 3-gram overlaps.
Therefore the BLEU score evaluates to 0, independently of
how many N-gram overlaps of lower order it contains.
Consider using lower n-gram order or use SmoothingFunction()
  warnings.warn(_msg)
/data/shiqing/venv_py37/lib/python3.7/site-packages/nltk/translate/bleu_score.py:552: UserWarning: 
The hypothesis contains 0 counts of 4-gram overlaps.
Therefore the BLEU score evaluates to 0, independently of
how many N-gram overlaps of lower order it contains.
Consider using lower n-gram order or use SmoothingFunction()
  warnings.warn(_msg)
/data/shiqing/venv_py37/lib/python3.7/site-packages/nltk/translate/bleu_score.py:552: UserWarning: 
The hypothesis contains 0 counts of 3-gram overlaps.
Therefore the BLEU score evaluates to 0, independently of
how many N-gram overlaps of lower order it contains.
Consider using lower n-gram order or use SmoothingFunction()
  warnings.warn(_msg)
/data/shiqing/venv_py37/lib/python3.7/site-packages/nltk/translate/bleu_score.py:552: UserWarning: 
The hypothesis contains 0 counts of 4-gram overlaps.
Therefore the BLEU score evaluates to 0, independently of
how many N-gram overlaps of lower order it contains.
Consider using lower n-gram order or use SmoothingFunction()
  warnings.warn(_msg)
/data/shiqing/venv_py37/lib/python3.7/site-packages/nltk/translate/bleu_score.py:552: UserWarning: 
The hypothesis contains 0 counts of 2-gram overlaps.
Therefore the BLEU score evaluates to 0, independently of
how many N-gram overlaps of lower order it contains.
Consider using lower n-gram order or use SmoothingFunction()
  warnings.warn(_msg)
/data/shiqing/venv_py37/lib/python3.7/site-packages/nltk/translate/bleu_score.py:552: UserWarning: 
The hypothesis contains 0 counts of 3-gram overlaps.
Therefore the BLEU score evaluates to 0, independently of
how many N-gram overlaps of lower order it contains.
Consider using lower n-gram order or use SmoothingFunction()
  warnings.warn(_msg)
/data/shiqing/venv_py37/lib/python3.7/site-packages/nltk/translate/bleu_score.py:552: UserWarning: 
The hypothesis contains 0 counts of 4-gram overlaps.
Therefore the BLEU score evaluates to 0, independently of
how many N-gram overlaps of lower order it contains.
Consider using lower n-gram order or use SmoothingFunction()
  warnings.warn(_msg)
/data/shiqing/venv_py37/lib/python3.7/site-packages/nltk/translate/bleu_score.py:552: UserWarning: 
The hypothesis contains 0 counts of 2-gram overlaps.
Therefore the BLEU score evaluates to 0, independently of
how many N-gram overlaps of lower order it contains.
Consider using lower n-gram order or use SmoothingFunction()
  warnings.warn(_msg)
/data/shiqing/venv_py37/lib/python3.7/site-packages/nltk/translate/bleu_score.py:552: UserWarning: 
The hypothesis contains 0 counts of 3-gram overlaps.
Therefore the BLEU score evaluates to 0, independently of
how many N-gram overlaps of lower order it contains.
Consider using lower n-gram order or use SmoothingFunction()
  warnings.warn(_msg)
/data/shiqing/venv_py37/lib/python3.7/site-packages/nltk/translate/bleu_score.py:552: UserWarning: 
The hypothesis contains 0 counts of 4-gram overlaps.
Therefore the BLEU score evaluates to 0, independently of
how many N-gram overlaps of lower order it contains.
Consider using lower n-gram order or use SmoothingFunction()
  warnings.warn(_msg)
/data/shiqing/venv_py37/lib/python3.7/site-packages/nltk/translate/bleu_score.py:552: UserWarning: 
The hypothesis contains 0 counts of 3-gram overlaps.
Therefore the BLEU score evaluates to 0, independently of
how many N-gram overlaps of lower order it contains.
Consider using lower n-gram order or use SmoothingFunction()
  warnings.warn(_msg)
/data/shiqing/venv_py37/lib/python3.7/site-packages/nltk/translate/bleu_score.py:552: UserWarning: 
The hypothesis contains 0 counts of 4-gram overlaps.
Therefore the BLEU score evaluates to 0, independently of
how many N-gram overlaps of lower order it contains.
Consider using lower n-gram order or use SmoothingFunction()
  warnings.warn(_msg)
/data/shiqing/venv_py37/lib/python3.7/site-packages/nltk/translate/bleu_score.py:552: UserWarning: 
The hypothesis contains 0 counts of 3-gram overlaps.
Therefore the BLEU score evaluates to 0, independently of
how many N-gram overlaps of lower order it contains.
Consider using lower n-gram order or use SmoothingFunction()
  warnings.warn(_msg)
/data/shiqing/venv_py37/lib/python3.7/site-packages/nltk/translate/bleu_score.py:552: UserWarning: 
The hypothesis contains 0 counts of 4-gram overlaps.
Therefore the BLEU score evaluates to 0, independently of
how many N-gram overlaps of lower order it contains.
Consider using lower n-gram order or use SmoothingFunction()
  warnings.warn(_msg)
/data/shiqing/venv_py37/lib/python3.7/site-packages/nltk/translate/bleu_score.py:552: UserWarning: 
The hypothesis contains 0 counts of 3-gram overlaps.
Therefore the BLEU score evaluates to 0, independently of
how many N-gram overlaps of lower order it contains.
Consider using lower n-gram order or use SmoothingFunction()
  warnings.warn(_msg)
/data/shiqing/venv_py37/lib/python3.7/site-packages/nltk/translate/bleu_score.py:552: UserWarning: 
The hypothesis contains 0 counts of 4-gram overlaps.
Therefore the BLEU score evaluates to 0, independently of
how many N-gram overlaps of lower order it contains.
Consider using lower n-gram order or use SmoothingFunction()
  warnings.warn(_msg)
/data/shiqing/venv_py37/lib/python3.7/site-packages/nltk/translate/bleu_score.py:552: UserWarning: 
The hypothesis contains 0 counts of 3-gram overlaps.
Therefore the BLEU score evaluates to 0, independently of
how many N-gram overlaps of lower order it contains.
Consider using lower n-gram order or use SmoothingFunction()
  warnings.warn(_msg)
/data/shiqing/venv_py37/lib/python3.7/site-packages/nltk/translate/bleu_score.py:552: UserWarning: 
The hypothesis contains 0 counts of 4-gram overlaps.
Therefore the BLEU score evaluates to 0, independently of
how many N-gram overlaps of lower order it contains.
Consider using lower n-gram order or use SmoothingFunction()
  warnings.warn(_msg)
/data/shiqing/venv_py37/lib/python3.7/site-packages/nltk/translate/bleu_score.py:552: UserWarning: 
The hypothesis contains 0 counts of 3-gram overlaps.
Therefore the BLEU score evaluates to 0, independently of
how many N-gram overlaps of lower order it contains.
Consider using lower n-gram order or use SmoothingFunction()
  warnings.warn(_msg)
/data/shiqing/venv_py37/lib/python3.7/site-packages/nltk/translate/bleu_score.py:552: UserWarning: 
The hypothesis contains 0 counts of 4-gram overlaps.
Therefore the BLEU score evaluates to 0, independently of
how many N-gram overlaps of lower order it contains.
Consider using lower n-gram order or use SmoothingFunction()
  warnings.warn(_msg)
/data/shiqing/venv_py37/lib/python3.7/site-packages/nltk/translate/bleu_score.py:552: UserWarning: 
The hypothesis contains 0 counts of 2-gram overlaps.
Therefore the BLEU score evaluates to 0, independently of
how many N-gram overlaps of lower order it contains.
Consider using lower n-gram order or use SmoothingFunction()
  warnings.warn(_msg)
==> device:  cuda
==> Vocab_size: 8508
