==> device:  cuda
==> Vocab_size: 2994
==> Epoch: 000
Epoch: 000 | Loss: 4.819 | Training time: 1m34s
Epoch: 000 | Loss: 4.117 | Validation time: 12s75ms
Epoch: 000 | Loss: 4.103 | Testing time: 11s878ms
Epoch: 000 | Bleu scores: 56.022 | 29.693 | 15.009 | 8.081 | Evaluation time: 12s319ms
Epoch: 000 | Bleu scores: 55.422 | 29.439 | 14.494 | 7.798 | Evaluation time: 12s231ms
==> Saving...
==> Drawing samples...
==> Epoch: 001
Epoch: 001 | Loss: 3.879 | Training time: 1m33s
Epoch: 001 | Loss: 3.704 | Validation time: 12s21ms
Epoch: 001 | Loss: 3.686 | Testing time: 11s829ms
Epoch: 001 | Bleu scores: 54.418 | 32.749 | 19.110 | 11.347 | Evaluation time: 13s695ms
Epoch: 001 | Bleu scores: 53.693 | 31.921 | 17.895 | 10.274 | Evaluation time: 13s649ms
==> Saving...
==> Drawing samples...
==> Epoch: 002
Epoch: 002 | Loss: 3.543 | Training time: 1m34s
Epoch: 002 | Loss: 3.471 | Validation time: 11s996ms
Epoch: 002 | Loss: 3.445 | Testing time: 11s825ms
Epoch: 002 | Bleu scores: 54.926 | 34.724 | 21.555 | 13.387 | Evaluation time: 13s810ms
Epoch: 002 | Bleu scores: 55.032 | 34.795 | 20.915 | 12.598 | Evaluation time: 13s830ms
==> Saving...
==> Drawing samples...
==> Epoch: 003
Epoch: 003 | Loss: 3.320 | Training time: 1m33s
Epoch: 003 | Loss: 3.314 | Validation time: 12s14ms
Epoch: 003 | Loss: 3.284 | Testing time: 11s820ms
Epoch: 003 | Bleu scores: 56.426 | 36.992 | 23.837 | 15.310 | Evaluation time: 13s854ms
Epoch: 003 | Bleu scores: 57.386 | 37.670 | 24.040 | 15.259 | Evaluation time: 13s759ms
==> Saving...
==> Drawing samples...
==> Epoch: 004
Epoch: 004 | Loss: 3.152 | Training time: 1m33s
Epoch: 004 | Loss: 3.203 | Validation time: 12s60ms
Epoch: 004 | Loss: 3.169 | Testing time: 11s868ms
Epoch: 004 | Bleu scores: 58.597 | 38.811 | 25.371 | 16.387 | Evaluation time: 13s745ms
Epoch: 004 | Bleu scores: 58.829 | 39.275 | 25.513 | 16.352 | Evaluation time: 13s639ms
==> Saving...
==> Drawing samples...
==> Epoch: 005
Epoch: 005 | Loss: 3.015 | Training time: 1m33s
Epoch: 005 | Loss: 3.119 | Validation time: 11s995ms
Epoch: 005 | Loss: 3.080 | Testing time: 11s879ms
Epoch: 005 | Bleu scores: 58.913 | 39.084 | 25.615 | 16.703 | Evaluation time: 13s777ms
Epoch: 005 | Bleu scores: 60.067 | 40.519 | 26.917 | 17.606 | Evaluation time: 13s578ms
==> Saving...
==> Drawing samples...
==> Epoch: 006
Epoch: 006 | Loss: 2.900 | Training time: 1m33s
Epoch: 006 | Loss: 3.055 | Validation time: 12s87ms
Epoch: 006 | Loss: 3.014 | Testing time: 11s833ms
Epoch: 006 | Bleu scores: 59.205 | 39.413 | 26.117 | 17.232 | Evaluation time: 13s884ms
Epoch: 006 | Bleu scores: 59.983 | 40.495 | 26.772 | 17.488 | Evaluation time: 13s675ms
==> Epoch: 007
Epoch: 007 | Loss: 2.800 | Training time: 1m33s
Epoch: 007 | Loss: 3.003 | Validation time: 11s997ms
Epoch: 007 | Loss: 2.960 | Testing time: 11s852ms
Epoch: 007 | Bleu scores: 61.640 | 41.615 | 27.991 | 18.695 | Evaluation time: 13s678ms
Epoch: 007 | Bleu scores: 62.466 | 42.420 | 28.126 | 18.508 | Evaluation time: 13s467ms
==> Saving...
==> Drawing samples...
==> Epoch: 008
Epoch: 008 | Loss: 2.711 | Training time: 1m33s
Epoch: 008 | Loss: 2.963 | Validation time: 11s993ms
Epoch: 008 | Loss: 2.918 | Testing time: 11s834ms
Epoch: 008 | Bleu scores: 59.874 | 40.317 | 26.739 | 17.523 | Evaluation time: 13s799ms
Epoch: 008 | Bleu scores: 61.230 | 42.270 | 28.560 | 19.064 | Evaluation time: 13s671ms
==> Saving...
==> Drawing samples...
==> Epoch: 009
Epoch: 009 | Loss: 2.630 | Training time: 1m33s
Epoch: 009 | Loss: 2.931 | Validation time: 12s81ms
Epoch: 009 | Loss: 2.885 | Testing time: 11s839ms
Epoch: 009 | Bleu scores: 60.449 | 40.803 | 27.263 | 17.968 | Evaluation time: 13s801ms
Epoch: 009 | Bleu scores: 62.160 | 42.730 | 29.040 | 19.592 | Evaluation time: 13s633ms
==> Saving...
==> Drawing samples...
==> Epoch: 010
Epoch: 010 | Loss: 2.555 | Training time: 1m33s
Epoch: 010 | Loss: 2.905 | Validation time: 12s61ms
Epoch: 010 | Loss: 2.858 | Testing time: 11s859ms
Epoch: 010 | Bleu scores: 61.494 | 41.597 | 27.978 | 18.582 | Evaluation time: 13s779ms
Epoch: 010 | Bleu scores: 61.892 | 42.513 | 28.857 | 19.427 | Evaluation time: 13s623ms
==> Epoch: 011
Epoch: 011 | Loss: 2.488 | Training time: 1m33s
Epoch: 011 | Loss: 2.883 | Validation time: 12s84ms
Epoch: 011 | Loss: 2.832 | Testing time: 11s883ms
Epoch: 011 | Bleu scores: 62.489 | 42.337 | 28.455 | 18.804 | Evaluation time: 13s624ms
Epoch: 011 | Bleu scores: 63.248 | 43.973 | 30.139 | 20.503 | Evaluation time: 13s557ms
==> Saving...
==> Drawing samples...
==> Epoch: 012
Epoch: 012 | Loss: 2.425 | Training time: 1m33s
Epoch: 012 | Loss: 2.864 | Validation time: 12s28ms
Epoch: 012 | Loss: 2.815 | Testing time: 11s829ms
Epoch: 012 | Bleu scores: 60.925 | 41.266 | 27.686 | 18.299 | Evaluation time: 13s861ms
Epoch: 012 | Bleu scores: 62.730 | 43.561 | 29.802 | 20.267 | Evaluation time: 13s639ms
==> Epoch: 013
Epoch: 013 | Loss: 2.364 | Training time: 1m33s
Epoch: 013 | Loss: 2.847 | Validation time: 12s80ms
Epoch: 013 | Loss: 2.798 | Testing time: 11s831ms
Epoch: 013 | Bleu scores: 61.446 | 41.527 | 27.987 | 18.560 | Evaluation time: 13s919ms
Epoch: 013 | Bleu scores: 63.230 | 43.881 | 30.073 | 20.314 | Evaluation time: 13s680ms
==> Epoch: 014
Epoch: 014 | Loss: 2.307 | Training time: 1m33s
Epoch: 014 | Loss: 2.836 | Validation time: 12s54ms
Epoch: 014 | Loss: 2.786 | Testing time: 11s879ms
Epoch: 014 | Bleu scores: 60.958 | 41.358 | 27.919 | 18.648 | Evaluation time: 14s20ms
Epoch: 014 | Bleu scores: 62.375 | 43.143 | 29.466 | 19.916 | Evaluation time: 13s821ms
==> Epoch: 015
Epoch: 015 | Loss: 2.253 | Training time: 1m33s
Epoch: 015 | Loss: 2.823 | Validation time: 12s77ms
Epoch: 015 | Loss: 2.772 | Testing time: 11s866ms
Epoch: 015 | Bleu scores: 61.855 | 42.040 | 28.438 | 19.055 | Evaluation time: 13s731ms
Epoch: 015 | Bleu scores: 62.345 | 43.208 | 29.407 | 19.761 | Evaluation time: 13s652ms
==> Epoch: 016
Epoch: 016 | Loss: 2.205 | Training time: 1m33s
Epoch: 016 | Loss: 2.823 | Validation time: 12s44ms
Epoch: 016 | Loss: 2.772 | Testing time: 12s3ms
Epoch: 016 | Bleu scores: 61.374 | 41.601 | 27.915 | 18.470 | Evaluation time: 13s915ms
Epoch: 016 | Bleu scores: 62.679 | 43.370 | 29.522 | 19.981 | Evaluation time: 13s753ms
==> Epoch: 017
Epoch: 017 | Loss: 2.157 | Training time: 1m33s
Epoch: 017 | Loss: 2.814 | Validation time: 12s72ms
Epoch: 017 | Loss: 2.760 | Testing time: 11s854ms
Epoch: 017 | Bleu scores: 61.921 | 41.883 | 28.192 | 18.865 | Evaluation time: 13s884ms
Epoch: 017 | Bleu scores: 62.815 | 43.624 | 29.624 | 20.034 | Evaluation time: 13s751ms
==> Epoch: 018
Epoch: 018 | Loss: 2.111 | Training time: 1m33s
Epoch: 018 | Loss: 2.813 | Validation time: 12s2ms
Epoch: 018 | Loss: 2.756 | Testing time: 11s898ms
Epoch: 018 | Bleu scores: 62.300 | 42.123 | 28.344 | 18.912 | Evaluation time: 13s737ms
Epoch: 018 | Bleu scores: 63.453 | 43.885 | 30.041 | 20.583 | Evaluation time: 13s559ms
==> Saving...
==> Drawing samples...
==> Epoch: 019
Epoch: 019 | Loss: 2.066 | Training time: 1m33s
Epoch: 019 | Loss: 2.814 | Validation time: 12s98ms
Epoch: 019 | Loss: 2.758 | Testing time: 11s904ms
Epoch: 019 | Bleu scores: 60.776 | 40.867 | 27.478 | 18.264 | Evaluation time: 14s87ms
Epoch: 019 | Bleu scores: 61.981 | 42.850 | 28.870 | 19.430 | Evaluation time: 14s18ms
==> Epoch: 020
Epoch: 020 | Loss: 2.023 | Training time: 1m33s
Epoch: 020 | Loss: 2.814 | Validation time: 12s63ms
Epoch: 020 | Loss: 2.756 | Testing time: 11s920ms
Epoch: 020 | Bleu scores: 61.542 | 41.562 | 27.932 | 18.700 | Evaluation time: 13s853ms
Epoch: 020 | Bleu scores: 62.321 | 42.936 | 29.243 | 19.849 | Evaluation time: 13s818ms
==> Epoch: 021
Epoch: 021 | Loss: 1.984 | Training time: 1m33s
Epoch: 021 | Loss: 2.813 | Validation time: 12s44ms
Epoch: 021 | Loss: 2.756 | Testing time: 11s932ms
Epoch: 021 | Bleu scores: 61.564 | 41.700 | 28.041 | 18.786 | Evaluation time: 14s41ms
Epoch: 021 | Bleu scores: 61.640 | 42.447 | 28.863 | 19.553 | Evaluation time: 13s965ms
==> Epoch: 022
Epoch: 022 | Loss: 1.946 | Training time: 1m34s
Epoch: 022 | Loss: 2.816 | Validation time: 12s18ms
Epoch: 022 | Loss: 2.755 | Testing time: 11s910ms
Epoch: 022 | Bleu scores: 59.922 | 40.269 | 27.042 | 18.097 | Evaluation time: 14s371ms
Epoch: 022 | Bleu scores: 61.540 | 42.175 | 28.341 | 19.060 | Evaluation time: 14s91ms
==> Epoch: 023
Epoch: 023 | Loss: 1.907 | Training time: 1m33s
Epoch: 023 | Loss: 2.813 | Validation time: 12s12ms
Epoch: 023 | Loss: 2.754 | Testing time: 11s891ms
Epoch: 023 | Bleu scores: 61.064 | 41.129 | 27.633 | 18.563 | Evaluation time: 14s106ms
Epoch: 023 | Bleu scores: 62.028 | 42.434 | 28.591 | 19.241 | Evaluation time: 13s911ms
==> Epoch: 024
Epoch: 024 | Loss: 1.871 | Training time: 1m33s
Epoch: 024 | Loss: 2.817 | Validation time: 12s64ms
Epoch: 024 | Loss: 2.757 | Testing time: 11s896ms
Epoch: 024 | Bleu scores: 61.392 | 41.392 | 27.672 | 18.436 | Evaluation time: 13s980ms
Epoch: 024 | Bleu scores: 62.416 | 42.965 | 29.073 | 19.554 | Evaluation time: 13s884ms
==> Epoch: 025
Epoch: 025 | Loss: 1.837 | Training time: 1m33s
Epoch: 025 | Loss: 2.822 | Validation time: 12s27ms
Epoch: 025 | Loss: 2.762 | Testing time: 11s892ms
Epoch: 025 | Bleu scores: 61.121 | 41.019 | 27.464 | 18.360 | Evaluation time: 13s940ms
Epoch: 025 | Bleu scores: 62.548 | 42.909 | 29.072 | 19.592 | Evaluation time: 13s825ms
==> Epoch: 026
Epoch: 026 | Loss: 1.803 | Training time: 1m33s
Epoch: 026 | Loss: 2.827 | Validation time: 12s94ms
Epoch: 026 | Loss: 2.766 | Testing time: 11s901ms
Epoch: 026 | Bleu scores: 60.459 | 40.199 | 26.673 | 17.676 | Evaluation time: 14s70ms
Epoch: 026 | Bleu scores: 61.500 | 42.171 | 28.344 | 18.969 | Evaluation time: 13s965ms
==> Epoch: 027
Epoch: 027 | Loss: 1.770 | Training time: 1m33s
Epoch: 027 | Loss: 2.830 | Validation time: 12s27ms
Epoch: 027 | Loss: 2.766 | Testing time: 11s867ms
Epoch: 027 | Bleu scores: 61.065 | 40.722 | 27.171 | 18.107 | Evaluation time: 13s843ms
Epoch: 027 | Bleu scores: 62.389 | 42.650 | 28.939 | 19.425 | Evaluation time: 13s797ms
==> Epoch: 028
Epoch: 028 | Loss: 1.738 | Training time: 1m33s
Epoch: 028 | Loss: 2.840 | Validation time: 12s16ms
Epoch: 028 | Loss: 2.774 | Testing time: 11s872ms
Epoch: 028 | Bleu scores: 60.700 | 40.514 | 27.127 | 18.067 | Evaluation time: 14s215ms
Epoch: 028 | Bleu scores: 61.775 | 42.072 | 28.265 | 19.047 | Evaluation time: 14s155ms
==> Epoch: 029
Epoch: 029 | Loss: 1.707 | Training time: 1m33s
Epoch: 029 | Loss: 2.844 | Validation time: 12s88ms
Epoch: 029 | Loss: 2.778 | Testing time: 11s876ms
Epoch: 029 | Bleu scores: 59.987 | 39.959 | 26.701 | 17.850 | Evaluation time: 14s100ms
Epoch: 029 | Bleu scores: 61.475 | 41.802 | 27.964 | 18.620 | Evaluation time: 14s33ms
==> Epoch: 030
Epoch: 030 | Loss: 1.676 | Training time: 1m33s
Epoch: 030 | Loss: 2.851 | Validation time: 12s65ms
Epoch: 030 | Loss: 2.784 | Testing time: 11s878ms
Epoch: 030 | Bleu scores: 60.136 | 40.034 | 26.640 | 17.726 | Evaluation time: 14s319ms
Epoch: 030 | Bleu scores: 61.324 | 41.864 | 27.956 | 18.718 | Evaluation time: 14s62ms
==> Epoch: 031
Epoch: 031 | Loss: 1.649 | Training time: 1m33s
Epoch: 031 | Loss: 2.869 | Validation time: 12s47ms
Epoch: 031 | Loss: 2.800 | Testing time: 11s875ms
Epoch: 031 | Bleu scores: 59.859 | 39.500 | 26.278 | 17.488 | Evaluation time: 14s135ms
Epoch: 031 | Bleu scores: 61.537 | 41.435 | 27.563 | 18.349 | Evaluation time: 14s40ms
==> Epoch: 032
Epoch: 032 | Loss: 1.620 | Training time: 1m33s
Epoch: 032 | Loss: 2.871 | Validation time: 12s61ms
Epoch: 032 | Loss: 2.803 | Testing time: 11s891ms
Epoch: 032 | Bleu scores: 59.676 | 39.509 | 26.228 | 17.339 | Evaluation time: 14s281ms
Epoch: 032 | Bleu scores: 60.776 | 41.120 | 27.342 | 18.220 | Evaluation time: 14s318ms
==> Epoch: 033
Epoch: 033 | Loss: 1.591 | Training time: 1m33s
Epoch: 033 | Loss: 2.878 | Validation time: 12s58ms
Epoch: 033 | Loss: 2.806 | Testing time: 11s824ms
Epoch: 033 | Bleu scores: 60.752 | 40.363 | 26.823 | 17.769 | Evaluation time: 13s998ms
Epoch: 033 | Bleu scores: 61.924 | 41.791 | 28.066 | 18.864 | Evaluation time: 13s909ms
==> Epoch: 034
Epoch: 034 | Loss: 1.563 | Training time: 1m33s
Epoch: 034 | Loss: 2.885 | Validation time: 12s2ms
Epoch: 034 | Loss: 2.814 | Testing time: 11s929ms
Epoch: 034 | Bleu scores: 60.107 | 39.967 | 26.466 | 17.508 | Evaluation time: 14s148ms
Epoch: 034 | Bleu scores: 61.371 | 41.509 | 27.680 | 18.482 | Evaluation time: 14s135ms
==> Epoch: 035
Epoch: 035 | Loss: 1.537 | Training time: 1m33s
Epoch: 035 | Loss: 2.898 | Validation time: 12s73ms
Epoch: 035 | Loss: 2.827 | Testing time: 11s861ms
Epoch: 035 | Bleu scores: 59.076 | 38.874 | 25.645 | 16.787 | Evaluation time: 14s223ms
Epoch: 035 | Bleu scores: 60.491 | 40.729 | 27.180 | 18.195 | Evaluation time: 14s140ms
==> Epoch: 036
Epoch: 036 | Loss: 1.511 | Training time: 1m33s
Epoch: 036 | Loss: 2.898 | Validation time: 12s2ms
Epoch: 036 | Loss: 2.828 | Testing time: 11s889ms
Epoch: 036 | Bleu scores: 59.216 | 39.193 | 25.857 | 17.057 | Evaluation time: 14s337ms
Epoch: 036 | Bleu scores: 60.350 | 40.233 | 26.435 | 17.452 | Evaluation time: 14s180ms
==> Epoch: 037
Epoch: 037 | Loss: 1.488 | Training time: 1m33s
Epoch: 037 | Loss: 2.908 | Validation time: 12s24ms
Epoch: 037 | Loss: 2.838 | Testing time: 11s858ms
Epoch: 037 | Bleu scores: 59.685 | 39.675 | 26.324 | 17.447 | Evaluation time: 14s215ms
Epoch: 037 | Bleu scores: 61.519 | 41.307 | 27.419 | 18.152 | Evaluation time: 14s141ms
==> Epoch: 038
Epoch: 038 | Loss: 1.460 | Training time: 1m33s
Epoch: 038 | Loss: 2.923 | Validation time: 12s17ms
Epoch: 038 | Loss: 2.853 | Testing time: 11s906ms
Epoch: 038 | Bleu scores: 58.683 | 38.719 | 25.526 | 16.661 | Evaluation time: 14s489ms
Epoch: 038 | Bleu scores: 60.522 | 40.435 | 26.791 | 17.731 | Evaluation time: 14s271ms
==> Epoch: 039
Epoch: 039 | Loss: 1.438 | Training time: 1m33s
Epoch: 039 | Loss: 2.933 | Validation time: 12s62ms
Epoch: 039 | Loss: 2.861 | Testing time: 11s920ms
Epoch: 039 | Bleu scores: 59.888 | 39.365 | 25.831 | 16.881 | Evaluation time: 14s48ms
Epoch: 039 | Bleu scores: 60.835 | 40.586 | 26.829 | 17.750 | Evaluation time: 14s55ms
Total Time: 1h39m
==> Saving training/validation/testing loss...
==> Drawing loss and bleu scores...
==> Process finished.
